Build started 2015/7/26 17:16:34.
     1>Project "F:\项目文档\金融套利系统\MoneyFramework\TraderBassClass\TraderBassClass\TraderBassClass.vcxproj" on node 2 (Build target(s)).
     1>ClCompile:
         C:\Program Files (x86)\Microsoft Visual Studio 12.0\VC\bin\CL.exe /c /AI"C:\Program Files (x86)\Reference Assemblies\Microsoft\Framework\.NETFramework\v4.5\\" /AI"C:\Program Files (x86)\Windows Kits\8.1\References\CommonConfiguration\Neutral" /AI"C:\Program Files (x86)\Reference Assemblies\Microsoft\Framework\.NETFramework\v4.5\Facades\\" /Zi /clr /nologo /W3 /WX- /O2 /Oy- /D WIN32 /D NDEBUG /D _WINDLL /D _UNICODE /D UNICODE /EHa /MD /GS /fp:precise /Zc:wchar_t /Zc:forScope /Yu"stdafx.h" /Fp"Release\TraderBassClass.pch" /Fo"Release\\" /Fd"Release\vc120.pdb" /TP /FU"C:\Program Files (x86)\Reference Assemblies\Microsoft\Framework\.NETFramework\v4.5\mscorlib.dll" /FU"C:\Program Files (x86)\Reference Assemblies\Microsoft\Framework\.NETFramework\v4.5\System.Data.dll" /FU"C:\Program Files (x86)\Reference Assemblies\Microsoft\Framework\.NETFramework\v4.5\System.dll" /FU"C:\Program Files (x86)\Reference Assemblies\Microsoft\Framework\.NETFramework\v4.5\System.Xml.dll" /analyze- /errorReport:prompt /clr:nostdlib managedTradeClass.h
         managedTradeClass.h
     1>f:\项目文档\金融套利系统\moneyframework\traderbassclass\traderbassclass\CDataStruct.h(50): warning C4996: 'strcpy': This function or variable may be unsafe. Consider using strcpy_s instead. To disable deprecation, use _CRT_SECURE_NO_WARNINGS. See online help for details.
                 C:\Program Files (x86)\Microsoft Visual Studio 12.0\VC\include\string.h(112) : see declaration of 'strcpy'
     1>f:\项目文档\金融套利系统\moneyframework\traderbassclass\traderbassclass\CDataStruct.h(52): warning C4996: 'strcpy': This function or variable may be unsafe. Consider using strcpy_s instead. To disable deprecation, use _CRT_SECURE_NO_WARNINGS. See online help for details.
                 C:\Program Files (x86)\Microsoft Visual Studio 12.0\VC\include\string.h(112) : see declaration of 'strcpy'
     1>f:\项目文档\金融套利系统\moneyframework\traderbassclass\traderbassclass\CDataStruct.h(53): warning C4996: 'strcpy': This function or variable may be unsafe. Consider using strcpy_s instead. To disable deprecation, use _CRT_SECURE_NO_WARNINGS. See online help for details.
                 C:\Program Files (x86)\Microsoft Visual Studio 12.0\VC\include\string.h(112) : see declaration of 'strcpy'
     1>f:\项目文档\金融套利系统\moneyframework\traderbassclass\traderbassclass\CDataStruct.h(54): warning C4996: 'strcpy': This function or variable may be unsafe. Consider using strcpy_s instead. To disable deprecation, use _CRT_SECURE_NO_WARNINGS. See online help for details.
                 C:\Program Files (x86)\Microsoft Visual Studio 12.0\VC\include\string.h(112) : see declaration of 'strcpy'
     1>f:\项目文档\金融套利系统\moneyframework\traderbassclass\traderbassclass\CDataStruct.h(55): warning C4996: 'strcpy': This function or variable may be unsafe. Consider using strcpy_s instead. To disable deprecation, use _CRT_SECURE_NO_WARNINGS. See online help for details.
                 C:\Program Files (x86)\Microsoft Visual Studio 12.0\VC\include\string.h(112) : see declaration of 'strcpy'
       Link:
         C:\Program Files (x86)\Microsoft Visual Studio 12.0\VC\bin\link.exe /ERRORREPORT:PROMPT /OUT:"F:\项目文档\金融套利系统\MoneyFramework\Release\TraderBassClass.dll" /INCREMENTAL:NO /NOLOGO /MANIFEST /MANIFESTUAC:"level='asInvoker' uiAccess='false'" /manifest:embed /DEBUG /PDB:"F:\项目文档\金融套利系统\MoneyFramework\Release\TraderBassClass.pdb" /TLBID:1 /DYNAMICBASE /FIXED:NO /NXCOMPAT /MACHINE:X86 /SAFESEH /DLL Release\app.res
         Release\AssemblyInfo.obj
         Release\managedDataStruct.obj
         Release\managedStockClass.obj
         Release\managedTradeClass.obj
         Release\Stdafx.obj
         Release\StockTrader.obj
         Release\TraderBassClass.obj
         "Release\.NETFramework,Version=v4.5.AssemblyAttributes.obj"
         TraderBassClass.vcxproj -> F:\项目文档\金融套利系统\MoneyFramework\Release\TraderBassClass.dll
     1>Done Building Project "F:\项目文档\金融套利系统\MoneyFramework\TraderBassClass\TraderBassClass\TraderBassClass.vcxproj" (Build target(s)).

Build succeeded.

Time Elapsed 00:00:01.17
