f:\项目文档\金融套利系统\moneyframework\traderbassclass\traderbassclass\release\traderbassclass.pch
f:\项目文档\金融套利系统\moneyframework\traderbassclass\traderbassclass\release\vc120.pdb
f:\项目文档\金融套利系统\moneyframework\traderbassclass\traderbassclass\release\stdafx.obj
f:\项目文档\金融套利系统\moneyframework\traderbassclass\traderbassclass\release\traderbassclass.obj
f:\项目文档\金融套利系统\moneyframework\traderbassclass\traderbassclass\release\stocktrader.obj
f:\项目文档\金融套利系统\moneyframework\traderbassclass\traderbassclass\release\managedtradeclass.obj
f:\项目文档\金融套利系统\moneyframework\traderbassclass\traderbassclass\release\managedstockclass.obj
f:\项目文档\金融套利系统\moneyframework\traderbassclass\traderbassclass\release\manageddatastruct.obj
f:\项目文档\金融套利系统\moneyframework\traderbassclass\traderbassclass\release\assemblyinfo.obj
f:\项目文档\金融套利系统\moneyframework\traderbassclass\traderbassclass\release\.netframework,version=v4.5.assemblyattributes.obj
f:\项目文档\金融套利系统\moneyframework\release\traderbassclass.dll
f:\项目文档\金融套利系统\moneyframework\release\traderbassclass.pdb
f:\项目文档\金融套利系统\moneyframework\traderbassclass\traderbassclass\release\app.res
f:\项目文档\金融套利系统\moneyframework\traderbassclass\traderbassclass\release\traderbassclass.vcxprojresolveassemblyreference.cache
f:\项目文档\金融套利系统\moneyframework\traderbassclass\traderbassclass\release\traderbassclass.tlog\cl.command.1.tlog
f:\项目文档\金融套利系统\moneyframework\traderbassclass\traderbassclass\release\traderbassclass.tlog\cl.read.1.tlog
f:\项目文档\金融套利系统\moneyframework\traderbassclass\traderbassclass\release\traderbassclass.tlog\cl.write.1.tlog
f:\项目文档\金融套利系统\moneyframework\traderbassclass\traderbassclass\release\traderbassclass.tlog\link.command.1.tlog
f:\项目文档\金融套利系统\moneyframework\traderbassclass\traderbassclass\release\traderbassclass.tlog\link.read.1.tlog
f:\项目文档\金融套利系统\moneyframework\traderbassclass\traderbassclass\release\traderbassclass.tlog\link.write.1.tlog
f:\项目文档\金融套利系统\moneyframework\traderbassclass\traderbassclass\release\traderbassclass.tlog\metagen.read.1.tlog
f:\项目文档\金融套利系统\moneyframework\traderbassclass\traderbassclass\release\traderbassclass.tlog\metagen.write.1.tlog
f:\项目文档\金融套利系统\moneyframework\traderbassclass\traderbassclass\release\traderbassclass.tlog\rc.command.1.tlog
f:\项目文档\金融套利系统\moneyframework\traderbassclass\traderbassclass\release\traderbassclass.tlog\rc.read.1.tlog
f:\项目文档\金融套利系统\moneyframework\traderbassclass\traderbassclass\release\traderbassclass.tlog\rc.write.1.tlog
f:\项目文档\金融套利系统\moneyframework\traderbassclass\traderbassclass\release\traderbassclass.tlog\rsaenh.dll.bi
f:\项目文档\金融套利系统\moneyframework\traderbassclass\traderbassclass\release\traderbassclass.tlog\tzres.dll.bi
