f:\项目文档\金融套利系统\moneyframework\styclass\styclass\release\styclass.pch
f:\项目文档\金融套利系统\moneyframework\styclass\styclass\release\vc120.pdb
f:\项目文档\金融套利系统\moneyframework\styclass\styclass\release\stdafx.obj
f:\项目文档\金融套利系统\moneyframework\styclass\styclass\release\timeutil.obj
f:\项目文档\金融套利系统\moneyframework\styclass\styclass\release\syntheticsecurity.obj
f:\项目文档\金融套利系统\moneyframework\styclass\styclass\release\syntheticoptionunderlying.obj
f:\项目文档\金融套利系统\moneyframework\styclass\styclass\release\syntheticindex.obj
f:\项目文档\金融套利系统\moneyframework\styclass\styclass\release\styclass.obj
f:\项目文档\金融套利系统\moneyframework\styclass\styclass\release\strategybase.obj
f:\项目文档\金融套利系统\moneyframework\styclass\styclass\release\stock.obj
f:\项目文档\金融套利系统\moneyframework\styclass\styclass\release\security.obj
f:\项目文档\金融套利系统\moneyframework\styclass\styclass\release\option.obj
f:\项目文档\金融套利系统\moneyframework\styclass\styclass\release\log4c.obj
f:\项目文档\金融套利系统\moneyframework\styclass\styclass\release\indexfuturearbitrage_open.obj
f:\项目文档\金融套利系统\moneyframework\styclass\styclass\release\index.obj
f:\项目文档\金融套利系统\moneyframework\styclass\styclass\release\future.obj
f:\项目文档\金融套利系统\moneyframework\styclass\styclass\release\depthmarketdata.obj
f:\项目文档\金融套利系统\moneyframework\styclass\styclass\release\assemblyinfo.obj
f:\项目文档\金融套利系统\moneyframework\styclass\styclass\release\styclass.tlog\cl.command.1.tlog
f:\项目文档\金融套利系统\moneyframework\styclass\styclass\release\styclass.tlog\cl.read.1.tlog
f:\项目文档\金融套利系统\moneyframework\styclass\styclass\release\styclass.tlog\cl.write.1.tlog
f:\项目文档\金融套利系统\moneyframework\styclass\styclass\release\styclass.tlog\metagen.write.1.tlog
