Build started 2015/7/27 16:21:45.
     1>Project "F:\项目文档\金融套利系统\MoneyFramework\STYClass\STYClass\STYClass.vcxproj" on node 3 (Rebuild target(s)).
     1>ClCompile:
         C:\Program Files (x86)\Microsoft Visual Studio 12.0\VC\bin\CL.exe /c /AI"C:\Program Files (x86)\Reference Assemblies\Microsoft\Framework\.NETFramework\v4.5\\" /AI"C:\Program Files (x86)\Windows Kits\8.1\References\CommonConfiguration\Neutral" /AI"C:\Program Files (x86)\Reference Assemblies\Microsoft\Framework\.NETFramework\v4.5\Facades\\" /Zi /clr /nologo /W3 /WX- /O2 /Oy- /D WIN32 /D NDEBUG /D _WINDLL /D _UNICODE /D UNICODE /EHa /MD /GS /fp:precise /Zc:wchar_t /Zc:forScope /Yc"stdafx.h" /Fp"Release\STYClass.pch" /Fo"Release\\" /Fd"Release\vc120.pdb" /TP /FU"C:\Program Files (x86)\Reference Assemblies\Microsoft\Framework\.NETFramework\v4.5\mscorlib.dll" /FU"C:\Program Files (x86)\Reference Assemblies\Microsoft\Framework\.NETFramework\v4.5\System.Data.dll" /FU"C:\Program Files (x86)\Reference Assemblies\Microsoft\Framework\.NETFramework\v4.5\System.dll" /FU"C:\Program Files (x86)\Reference Assemblies\Microsoft\Framework\.NETFramework\v4.5\System.Xml.dll" /analyze- /errorReport:prompt /clr:nostdlib Stdafx.cpp
         Stdafx.cpp
         C:\Program Files (x86)\Microsoft Visual Studio 12.0\VC\bin\CL.exe /c /AI"C:\Program Files (x86)\Reference Assemblies\Microsoft\Framework\.NETFramework\v4.5\\" /AI"C:\Program Files (x86)\Windows Kits\8.1\References\CommonConfiguration\Neutral" /AI"C:\Program Files (x86)\Reference Assemblies\Microsoft\Framework\.NETFramework\v4.5\Facades\\" /Zi /clr /nologo /W3 /WX- /O2 /Oy- /D WIN32 /D NDEBUG /D _WINDLL /D _UNICODE /D UNICODE /EHa /MD /GS /fp:precise /Zc:wchar_t /Zc:forScope /Yu"stdafx.h" /Fp"Release\STYClass.pch" /Fo"Release\\" /Fd"Release\vc120.pdb" /TP /FU"C:\Program Files (x86)\Reference Assemblies\Microsoft\Framework\.NETFramework\v4.5\mscorlib.dll" /FU"C:\Program Files (x86)\Reference Assemblies\Microsoft\Framework\.NETFramework\v4.5\System.Data.dll" /FU"C:\Program Files (x86)\Reference Assemblies\Microsoft\Framework\.NETFramework\v4.5\System.dll" /FU"C:\Program Files (x86)\Reference Assemblies\Microsoft\Framework\.NETFramework\v4.5\System.Xml.dll" /analyze- /errorReport:prompt /clr:nostdlib AssemblyInfo.cpp DepthMarketData.cpp Future.cpp Index.cpp IndexFutureArbitrage_open.cpp Log4C.cpp managedSTYClass.cpp Option.cpp Security.cpp Stock.cpp StrategyBase.cpp STYClass.cpp SyntheticIndex.cpp SyntheticOptionUnderlying.cpp SyntheticSecurity.cpp TimeUtil.cpp
         AssemblyInfo.cpp
     1>AssemblyInfo.cpp(40): warning C4947: 'RequestMinimum' : marked as obsolete
                 Message: 'Assembly level declarative security is obsolete and is no longer enforced by the CLR by default. See http://go.microsoft.com/fwlink/?LinkID=155570 for more information.'
         DepthMarketData.cpp
         Future.cpp
         Index.cpp
         IndexFutureArbitrage_open.cpp
     1>f:\项目文档\金融套利系统\moneyframework\styclass\styclass\TimeUtil.h(3): warning C4067: unexpected tokens following preprocessor directive - expected a newline
     1>IndexFutureArbitrage_open.cpp(48): warning C4996: 'strcpy': This function or variable may be unsafe. Consider using strcpy_s instead. To disable deprecation, use _CRT_SECURE_NO_WARNINGS. See online help for details.
                 C:\Program Files (x86)\Microsoft Visual Studio 12.0\VC\include\string.h(112) : see declaration of 'strcpy'
     1>IndexFutureArbitrage_open.cpp(54): warning C4996: 'strcpy': This function or variable may be unsafe. Consider using strcpy_s instead. To disable deprecation, use _CRT_SECURE_NO_WARNINGS. See online help for details.
                 C:\Program Files (x86)\Microsoft Visual Studio 12.0\VC\include\string.h(112) : see declaration of 'strcpy'
     1>IndexFutureArbitrage_open.cpp(59): warning C4996: 'strcpy': This function or variable may be unsafe. Consider using strcpy_s instead. To disable deprecation, use _CRT_SECURE_NO_WARNINGS. See online help for details.
                 C:\Program Files (x86)\Microsoft Visual Studio 12.0\VC\include\string.h(112) : see declaration of 'strcpy'
     1>IndexFutureArbitrage_open.cpp(138): warning C4996: 'strcpy': This function or variable may be unsafe. Consider using strcpy_s instead. To disable deprecation, use _CRT_SECURE_NO_WARNINGS. See online help for details.
                 C:\Program Files (x86)\Microsoft Visual Studio 12.0\VC\include\string.h(112) : see declaration of 'strcpy'
         Log4C.cpp
     1>Log4C.cpp(22): warning C4996: 'fopen': This function or variable may be unsafe. Consider using fopen_s instead. To disable deprecation, use _CRT_SECURE_NO_WARNINGS. See online help for details.
                 C:\Program Files (x86)\Microsoft Visual Studio 12.0\VC\include\stdio.h(211) : see declaration of 'fopen'
         managedSTYClass.cpp
         Option.cpp
         Security.cpp
     1>f:\项目文档\金融套利系统\moneyframework\styclass\styclass\TimeUtil.h(3): warning C4067: unexpected tokens following preprocessor directive - expected a newline
     1>Security.cpp(15): warning C4996: 'strcpy': This function or variable may be unsafe. Consider using strcpy_s instead. To disable deprecation, use _CRT_SECURE_NO_WARNINGS. See online help for details.
                 C:\Program Files (x86)\Microsoft Visual Studio 12.0\VC\include\string.h(112) : see declaration of 'strcpy'
     1>Security.cpp(72): warning C4244: '-=' : conversion from 'double' to 'int', possible loss of data
     1>Security.cpp(114): warning C4244: '-=' : conversion from 'double' to 'int', possible loss of data
         Stock.cpp
         StrategyBase.cpp
         STYClass.cpp
         SyntheticIndex.cpp
         SyntheticOptionUnderlying.cpp
         SyntheticSecurity.cpp
         TimeUtil.cpp
     1>f:\项目文档\金融套利系统\moneyframework\styclass\styclass\TimeUtil.h(3): warning C4067: unexpected tokens following preprocessor directive - expected a newline
         Generating Code...
     1>f:\项目文档\金融套利系统\moneyframework\styclass\styclass\managedstyclass.cpp(22): warning C4700: uninitialized local variable 'MarketInfo' used
     1>f:\项目文档\金融套利系统\moneyframework\styclass\styclass\managedstyclass.cpp(52): warning C4700: uninitialized local variable 'subscribelist' used
     1>f:\项目文档\金融套利系统\moneyframework\styclass\styclass\managedstyclass.cpp(119): warning C4700: uninitialized local variable 'm_list' used
         C:\Program Files (x86)\Microsoft Visual Studio 12.0\VC\bin\CL.exe /c /Zi /clr /nologo /W3 /WX- /O2 /Oy- /D WIN32 /D NDEBUG /D _WINDLL /D _UNICODE /D UNICODE /EHa /MD /GS /fp:precise /Zc:wchar_t /Zc:forScope /Fo"Release\\" /Fd"Release\vc120.pdb" /TP /analyze- /errorReport:prompt "C:\Users\Administrator\AppData\Local\Temp\.NETFramework,Version=v4.5.AssemblyAttributes.cpp"
         .NETFramework,Version=v4.5.AssemblyAttributes.cpp
       ResourceCompile:
         C:\Program Files (x86)\Windows Kits\8.1\bin\x86\rc.exe /D _UNICODE /D UNICODE /l"0x0409" /nologo /fo"Release\app.res" app.rc 
       Link:
         C:\Program Files (x86)\Microsoft Visual Studio 12.0\VC\bin\link.exe /ERRORREPORT:PROMPT /OUT:"F:\项目文档\金融套利系统\MoneyFramework\Release\STYClass.dll" /INCREMENTAL:NO /NOLOGO /MANIFEST /MANIFESTUAC:"level='asInvoker' uiAccess='false'" /manifest:embed /DEBUG /PDB:"F:\项目文档\金融套利系统\MoneyFramework\Release\STYClass.pdb" /TLBID:1 /DYNAMICBASE /FIXED:NO /NXCOMPAT /MACHINE:X86 /SAFESEH /DLL Release\app.res
         Release\AssemblyInfo.obj
         Release\DepthMarketData.obj
         Release\Future.obj
         Release\Index.obj
         Release\IndexFutureArbitrage_open.obj
         Release\Log4C.obj
         Release\managedSTYClass.obj
         Release\Option.obj
         Release\Security.obj
         Release\Stdafx.obj
         Release\Stock.obj
         Release\StrategyBase.obj
         Release\STYClass.obj
         Release\SyntheticIndex.obj
         Release\SyntheticOptionUnderlying.obj
         Release\SyntheticSecurity.obj
         Release\TimeUtil.obj
         "Release\.NETFramework,Version=v4.5.AssemblyAttributes.obj"
         STYClass.vcxproj -> F:\项目文档\金融套利系统\MoneyFramework\Release\STYClass.dll
     1>Done Building Project "F:\项目文档\金融套利系统\MoneyFramework\STYClass\STYClass\STYClass.vcxproj" (Rebuild target(s)).

Build succeeded.

Time Elapsed 00:00:06.45
