f:\项目文档\金融套利系统\moneyframework\styclass\styclass\debug\styclass.pch
f:\项目文档\金融套利系统\moneyframework\styclass\styclass\debug\vc120.pdb
f:\项目文档\金融套利系统\moneyframework\styclass\styclass\debug\stdafx.obj
f:\项目文档\金融套利系统\moneyframework\styclass\styclass\debug\timeutil.obj
f:\项目文档\金融套利系统\moneyframework\styclass\styclass\debug\syntheticsecurity.obj
f:\项目文档\金融套利系统\moneyframework\styclass\styclass\debug\syntheticoptionunderlying.obj
f:\项目文档\金融套利系统\moneyframework\styclass\styclass\debug\syntheticindex.obj
f:\项目文档\金融套利系统\moneyframework\styclass\styclass\debug\styclass.obj
f:\项目文档\金融套利系统\moneyframework\styclass\styclass\debug\strategybase.obj
f:\项目文档\金融套利系统\moneyframework\styclass\styclass\debug\stock.obj
f:\项目文档\金融套利系统\moneyframework\styclass\styclass\debug\security.obj
f:\项目文档\金融套利系统\moneyframework\styclass\styclass\debug\option.obj
f:\项目文档\金融套利系统\moneyframework\styclass\styclass\debug\log4c.obj
f:\项目文档\金融套利系统\moneyframework\styclass\styclass\debug\indexfuturearbitrage_open.obj
f:\项目文档\金融套利系统\moneyframework\styclass\styclass\debug\index.obj
f:\项目文档\金融套利系统\moneyframework\styclass\styclass\debug\future.obj
f:\项目文档\金融套利系统\moneyframework\styclass\styclass\debug\depthmarketdata.obj
f:\项目文档\金融套利系统\moneyframework\styclass\styclass\debug\assemblyinfo.obj
f:\项目文档\金融套利系统\moneyframework\styclass\styclass\debug\.netframework,version=v4.5.assemblyattributes.obj
f:\项目文档\金融套利系统\moneyframework\debug\styclass.dll
f:\项目文档\金融套利系统\moneyframework\debug\styclass.pdb
f:\项目文档\金融套利系统\moneyframework\styclass\styclass\debug\app.res
f:\项目文档\金融套利系统\moneyframework\styclass\styclass\debug\styclass.tlog\cl.command.1.tlog
f:\项目文档\金融套利系统\moneyframework\styclass\styclass\debug\styclass.tlog\cl.read.1.tlog
f:\项目文档\金融套利系统\moneyframework\styclass\styclass\debug\styclass.tlog\cl.write.1.tlog
f:\项目文档\金融套利系统\moneyframework\styclass\styclass\debug\styclass.tlog\link.command.1.tlog
f:\项目文档\金融套利系统\moneyframework\styclass\styclass\debug\styclass.tlog\link.read.1.tlog
f:\项目文档\金融套利系统\moneyframework\styclass\styclass\debug\styclass.tlog\link.write.1.tlog
f:\项目文档\金融套利系统\moneyframework\styclass\styclass\debug\styclass.tlog\metagen.read.1.tlog
f:\项目文档\金融套利系统\moneyframework\styclass\styclass\debug\styclass.tlog\metagen.write.1.tlog
f:\项目文档\金融套利系统\moneyframework\styclass\styclass\debug\styclass.tlog\rc.command.1.tlog
f:\项目文档\金融套利系统\moneyframework\styclass\styclass\debug\styclass.tlog\rc.read.1.tlog
f:\项目文档\金融套利系统\moneyframework\styclass\styclass\debug\styclass.tlog\rc.write.1.tlog
f:\项目文档\金融套利系统\moneyframework\styclass\styclass\debug\styclass.tlog\rsaenh.dll.bi
f:\项目文档\金融套利系统\moneyframework\styclass\styclass\debug\styclass.tlog\tzres.dll.bi
