d:\projects\moneyframework\traderbassclass\traderbassclass\debug\traderbassclass.pch
d:\projects\moneyframework\traderbassclass\traderbassclass\debug\vc120.pdb
d:\projects\moneyframework\traderbassclass\traderbassclass\debug\stdafx.obj
d:\projects\moneyframework\traderbassclass\traderbassclass\debug\traderbassclass.obj
d:\projects\moneyframework\traderbassclass\traderbassclass\debug\stocktrader.obj
d:\projects\moneyframework\traderbassclass\traderbassclass\debug\managedtradeclass.obj
d:\projects\moneyframework\traderbassclass\traderbassclass\debug\managedstockclass.obj
d:\projects\moneyframework\traderbassclass\traderbassclass\debug\manageddatastruct.obj
d:\projects\moneyframework\traderbassclass\traderbassclass\debug\assemblyinfo.obj
d:\projects\moneyframework\traderbassclass\traderbassclass\debug\.netframework,version=v4.5.assemblyattributes.obj
d:\projects\moneyframework\debug\traderbassclass.dll
d:\projects\moneyframework\debug\traderbassclass.pdb
d:\projects\moneyframework\traderbassclass\traderbassclass\debug\app.res
d:\projects\moneyframework\traderbassclass\traderbassclass\debug\traderbassclass.vcxprojresolveassemblyreference.cache
d:\projects\moneyframework\traderbassclass\traderbassclass\debug\traderbassclass.tlog\cl.command.1.tlog
d:\projects\moneyframework\traderbassclass\traderbassclass\debug\traderbassclass.tlog\cl.read.1.tlog
d:\projects\moneyframework\traderbassclass\traderbassclass\debug\traderbassclass.tlog\cl.write.1.tlog
d:\projects\moneyframework\traderbassclass\traderbassclass\debug\traderbassclass.tlog\link.command.1.tlog
d:\projects\moneyframework\traderbassclass\traderbassclass\debug\traderbassclass.tlog\link.read.1.tlog
d:\projects\moneyframework\traderbassclass\traderbassclass\debug\traderbassclass.tlog\link.write.1.tlog
d:\projects\moneyframework\traderbassclass\traderbassclass\debug\traderbassclass.tlog\metagen.read.1.tlog
d:\projects\moneyframework\traderbassclass\traderbassclass\debug\traderbassclass.tlog\metagen.write.1.tlog
d:\projects\moneyframework\traderbassclass\traderbassclass\debug\traderbassclass.tlog\rc.command.1.tlog
d:\projects\moneyframework\traderbassclass\traderbassclass\debug\traderbassclass.tlog\rc.read.1.tlog
d:\projects\moneyframework\traderbassclass\traderbassclass\debug\traderbassclass.tlog\rc.write.1.tlog
d:\projects\moneyframework\traderbassclass\traderbassclass\debug\traderbassclass.tlog\tzres.dll.bi
