c:\users\administrator\desktop\ctp_cli_wrapper\ctp_cli_wrapper\ctp_cli_wrapper\x64\release\ctp_cli.pch
c:\users\administrator\desktop\ctp_cli_wrapper\ctp_cli_wrapper\ctp_cli_wrapper\x64\release\vc120.pdb
c:\users\administrator\desktop\ctp_cli_wrapper\ctp_cli_wrapper\ctp_cli_wrapper\x64\release\stdafx.obj
c:\users\administrator\desktop\ctp_cli_wrapper\ctp_cli_wrapper\ctp_cli_wrapper\x64\release\ctpspi.obj
c:\users\administrator\desktop\ctp_cli_wrapper\ctp_cli_wrapper\ctp_cli_wrapper\x64\release\ctpclient.obj
c:\users\administrator\desktop\ctp_cli_wrapper\ctp_cli_wrapper\ctp_cli_wrapper\x64\release\assemblyinfo.obj
c:\users\administrator\desktop\ctp_cli_wrapper\ctp_cli_wrapper\ctp_cli_wrapper\x64\release\.netframework,version=v4.5.assemblyattributes.obj
c:\users\administrator\desktop\ctp_cli_wrapper\ctp_cli_wrapper\ctp_cli_wrapper\x64\release\system.dll
c:\users\administrator\desktop\ctp_cli_wrapper\ctp_cli_wrapper\ctp_cli_wrapper\x64\release\ctp_cli.dll
c:\users\administrator\desktop\ctp_cli_wrapper\ctp_cli_wrapper\ctp_cli_wrapper\x64\release\ctp_cli.pdb
c:\users\administrator\desktop\ctp_cli_wrapper\ctp_cli_wrapper\ctp_cli_wrapper\x64\release\app.res
c:\users\administrator\desktop\ctp_cli_wrapper\ctp_cli_wrapper\ctp_cli_wrapper\x64\release\ctp_cli.dll.metagen
c:\users\administrator\desktop\ctp_cli_wrapper\ctp_cli_wrapper\ctp_cli_wrapper\x64\release\ctp_cli.tlog\cl.command.1.tlog
c:\users\administrator\desktop\ctp_cli_wrapper\ctp_cli_wrapper\ctp_cli_wrapper\x64\release\ctp_cli.tlog\cl.read.1.tlog
c:\users\administrator\desktop\ctp_cli_wrapper\ctp_cli_wrapper\ctp_cli_wrapper\x64\release\ctp_cli.tlog\cl.write.1.tlog
c:\users\administrator\desktop\ctp_cli_wrapper\ctp_cli_wrapper\ctp_cli_wrapper\x64\release\ctp_cli.tlog\ctp_cli.write.1u.tlog
c:\users\administrator\desktop\ctp_cli_wrapper\ctp_cli_wrapper\ctp_cli_wrapper\x64\release\ctp_cli.tlog\link.command.1.tlog
c:\users\administrator\desktop\ctp_cli_wrapper\ctp_cli_wrapper\ctp_cli_wrapper\x64\release\ctp_cli.tlog\link.read.1.tlog
c:\users\administrator\desktop\ctp_cli_wrapper\ctp_cli_wrapper\ctp_cli_wrapper\x64\release\ctp_cli.tlog\link.write.1.tlog
c:\users\administrator\desktop\ctp_cli_wrapper\ctp_cli_wrapper\ctp_cli_wrapper\x64\release\ctp_cli.tlog\metagen.read.1.tlog
c:\users\administrator\desktop\ctp_cli_wrapper\ctp_cli_wrapper\ctp_cli_wrapper\x64\release\ctp_cli.tlog\metagen.write.1.tlog
c:\users\administrator\desktop\ctp_cli_wrapper\ctp_cli_wrapper\ctp_cli_wrapper\x64\release\ctp_cli.tlog\rc.command.1.tlog
c:\users\administrator\desktop\ctp_cli_wrapper\ctp_cli_wrapper\ctp_cli_wrapper\x64\release\ctp_cli.tlog\rc.read.1.tlog
c:\users\administrator\desktop\ctp_cli_wrapper\ctp_cli_wrapper\ctp_cli_wrapper\x64\release\ctp_cli.tlog\rc.write.1.tlog
c:\users\administrator\desktop\ctp_cli_wrapper\ctp_cli_wrapper\ctp_cli_wrapper\x64\release\ctp_cli.tlog\rsaenh.dll.bi
c:\users\administrator\desktop\ctp_cli_wrapper\ctp_cli_wrapper\ctp_cli_wrapper\x64\release\ctp_cli.tlog\tzres.dll.bi
